[2022-06-10 05:46:57] local.ERROR: Please provide a valid cache path. {"exception":"[object] (InvalidArgumentException(code: 0): Please provide a valid cache path. at D:\\WebDev\\Projects\\clairveillance\\clairveillance-backend\\vendor\\laravel\\framework\\src\\Illuminate\\View\\Compilers\\Compiler.php:36)
[stacktrace]
#0 D:\\WebDev\\Projects\\clairveillance\\clairveillance-backend\\vendor\\laravel\\framework\\src\\Illuminate\\View\\ViewServiceProvider.php(88): Illuminate\\View\\Compilers\\Compiler->__construct()
#1 D:\\WebDev\\Projects\\clairveillance\\clairveillance-backend\\vendor\\laravel\\framework\\src\\Illuminate\\Container\\Container.php(873): Illuminate\\View\\ViewServiceProvider->Illuminate\\View\\{closure}()
#2 D:\\WebDev\\Projects\\clairveillance\\clairveillance-backend\\vendor\\laravel\\framework\\src\\Illuminate\\Container\\Container.php(758): Illuminate\\Container\\Container->build()
#3 D:\\WebDev\\Projects\\clairveillance\\clairveillance-backend\\vendor\\laravel\\framework\\src\\Illuminate\\Foundation\\Application.php(854): Illuminate\\Container\\Container->resolve()
#4 D:\\WebDev\\Projects\\clairveillance\\clairveillance-backend\\vendor\\laravel\\framework\\src\\Illuminate\\Container\\Container.php(694): Illuminate\\Foundation\\Application->resolve()
#5 D:\\WebDev\\Projects\\clairveillance\\clairveillance-backend\\vendor\\laravel\\framework\\src\\Illuminate\\Foundation\\Application.php(839): Illuminate\\Container\\Container->make()
#6 D:\\WebDev\\Projects\\clairveillance\\clairveillance-backend\\vendor\\laravel\\framework\\src\\Illuminate\\Container\\Container.php(1419): Illuminate\\Foundation\\Application->make()
#7 D:\\WebDev\\Projects\\clairveillance\\clairveillance-backend\\vendor\\laravel\\framework\\src\\Illuminate\\View\\ViewServiceProvider.php(150): Illuminate\\Container\\Container->offsetGet()
#8 [internal function]: Illuminate\\View\\ViewServiceProvider->Illuminate\\View\\{closure}()
#9 D:\\WebDev\\Projects\\clairveillance\\clairveillance-backend\\vendor\\laravel\\framework\\src\\Illuminate\\View\\Engines\\EngineResolver.php(55): call_user_func()
#10 D:\\WebDev\\Projects\\clairveillance\\clairveillance-backend\\vendor\\facade\\ignition\\src\\IgnitionServiceProvider.php(467): Illuminate\\View\\Engines\\EngineResolver->resolve()
#11 D:\\WebDev\\Projects\\clairveillance\\clairveillance-backend\\vendor\\facade\\ignition\\src\\IgnitionServiceProvider.php(158): Facade\\Ignition\\IgnitionServiceProvider->hasCustomViewEnginesRegistered()
#12 D:\\WebDev\\Projects\\clairveillance\\clairveillance-backend\\vendor\\facade\\ignition\\src\\IgnitionServiceProvider.php(101): Facade\\Ignition\\IgnitionServiceProvider->registerViewEngines()
#13 D:\\WebDev\\Projects\\clairveillance\\clairveillance-backend\\vendor\\laravel\\framework\\src\\Illuminate\\Container\\BoundMethod.php(36): Facade\\Ignition\\IgnitionServiceProvider->boot()
#14 D:\\WebDev\\Projects\\clairveillance\\clairveillance-backend\\vendor\\laravel\\framework\\src\\Illuminate\\Container\\Util.php(40): Illuminate\\Container\\BoundMethod::Illuminate\\Container\\{closure}()
#15 D:\\WebDev\\Projects\\clairveillance\\clairveillance-backend\\vendor\\laravel\\framework\\src\\Illuminate\\Container\\BoundMethod.php(93): Illuminate\\Container\\Util::unwrapIfClosure()
#16 D:\\WebDev\\Projects\\clairveillance\\clairveillance-backend\\vendor\\laravel\\framework\\src\\Illuminate\\Container\\BoundMethod.php(37): Illuminate\\Container\\BoundMethod::callBoundMethod()
#17 D:\\WebDev\\Projects\\clairveillance\\clairveillance-backend\\vendor\\laravel\\framework\\src\\Illuminate\\Container\\Container.php(653): Illuminate\\Container\\BoundMethod::call()
#18 D:\\WebDev\\Projects\\clairveillance\\clairveillance-backend\\vendor\\laravel\\framework\\src\\Illuminate\\Foundation\\Application.php(927): Illuminate\\Container\\Container->call()
#19 D:\\WebDev\\Projects\\clairveillance\\clairveillance-backend\\vendor\\laravel\\framework\\src\\Illuminate\\Foundation\\Application.php(908): Illuminate\\Foundation\\Application->bootProvider()
#20 [internal function]: Illuminate\\Foundation\\Application->Illuminate\\Foundation\\{closure}()
#21 D:\\WebDev\\Projects\\clairveillance\\clairveillance-backend\\vendor\\laravel\\framework\\src\\Illuminate\\Foundation\\Application.php(909): array_walk()
#22 D:\\WebDev\\Projects\\clairveillance\\clairveillance-backend\\vendor\\laravel\\framework\\src\\Illuminate\\Foundation\\Bootstrap\\BootProviders.php(17): Illuminate\\Foundation\\Application->boot()
#23 D:\\WebDev\\Projects\\clairveillance\\clairveillance-backend\\vendor\\laravel\\framework\\src\\Illuminate\\Foundation\\Application.php(239): Illuminate\\Foundation\\Bootstrap\\BootProviders->bootstrap()
#24 D:\\WebDev\\Projects\\clairveillance\\clairveillance-backend\\vendor\\laravel\\framework\\src\\Illuminate\\Foundation\\Console\\Kernel.php(310): Illuminate\\Foundation\\Application->bootstrapWith()
#25 D:\\WebDev\\Projects\\clairveillance\\clairveillance-backend\\vendor\\laravel\\framework\\src\\Illuminate\\Foundation\\Console\\Kernel.php(127): Illuminate\\Foundation\\Console\\Kernel->bootstrap()
#26 D:\\WebDev\\Projects\\clairveillance\\clairveillance-backend\\artisan(37): Illuminate\\Foundation\\Console\\Kernel->handle()
#27 {main}
"} 
[2022-06-10 05:47:22] local.ERROR: Please provide a valid cache path. {"exception":"[object] (InvalidArgumentException(code: 0): Please provide a valid cache path. at D:\\WebDev\\Projects\\clairveillance\\clairveillance-backend\\vendor\\laravel\\framework\\src\\Illuminate\\View\\Compilers\\Compiler.php:36)
[stacktrace]
#0 D:\\WebDev\\Projects\\clairveillance\\clairveillance-backend\\vendor\\laravel\\framework\\src\\Illuminate\\View\\ViewServiceProvider.php(88): Illuminate\\View\\Compilers\\Compiler->__construct()
#1 D:\\WebDev\\Projects\\clairveillance\\clairveillance-backend\\vendor\\laravel\\framework\\src\\Illuminate\\Container\\Container.php(873): Illuminate\\View\\ViewServiceProvider->Illuminate\\View\\{closure}()
#2 D:\\WebDev\\Projects\\clairveillance\\clairveillance-backend\\vendor\\laravel\\framework\\src\\Illuminate\\Container\\Container.php(758): Illuminate\\Container\\Container->build()
#3 D:\\WebDev\\Projects\\clairveillance\\clairveillance-backend\\vendor\\laravel\\framework\\src\\Illuminate\\Foundation\\Application.php(854): Illuminate\\Container\\Container->resolve()
#4 D:\\WebDev\\Projects\\clairveillance\\clairveillance-backend\\vendor\\laravel\\framework\\src\\Illuminate\\Container\\Container.php(694): Illuminate\\Foundation\\Application->resolve()
#5 D:\\WebDev\\Projects\\clairveillance\\clairveillance-backend\\vendor\\laravel\\framework\\src\\Illuminate\\Foundation\\Application.php(839): Illuminate\\Container\\Container->make()
#6 D:\\WebDev\\Projects\\clairveillance\\clairveillance-backend\\vendor\\laravel\\framework\\src\\Illuminate\\Container\\Container.php(1419): Illuminate\\Foundation\\Application->make()
#7 D:\\WebDev\\Projects\\clairveillance\\clairveillance-backend\\vendor\\laravel\\framework\\src\\Illuminate\\View\\ViewServiceProvider.php(150): Illuminate\\Container\\Container->offsetGet()
#8 [internal function]: Illuminate\\View\\ViewServiceProvider->Illuminate\\View\\{closure}()
#9 D:\\WebDev\\Projects\\clairveillance\\clairveillance-backend\\vendor\\laravel\\framework\\src\\Illuminate\\View\\Engines\\EngineResolver.php(55): call_user_func()
#10 D:\\WebDev\\Projects\\clairveillance\\clairveillance-backend\\vendor\\facade\\ignition\\src\\IgnitionServiceProvider.php(467): Illuminate\\View\\Engines\\EngineResolver->resolve()
#11 D:\\WebDev\\Projects\\clairveillance\\clairveillance-backend\\vendor\\facade\\ignition\\src\\IgnitionServiceProvider.php(158): Facade\\Ignition\\IgnitionServiceProvider->hasCustomViewEnginesRegistered()
#12 D:\\WebDev\\Projects\\clairveillance\\clairveillance-backend\\vendor\\facade\\ignition\\src\\IgnitionServiceProvider.php(101): Facade\\Ignition\\IgnitionServiceProvider->registerViewEngines()
#13 D:\\WebDev\\Projects\\clairveillance\\clairveillance-backend\\vendor\\laravel\\framework\\src\\Illuminate\\Container\\BoundMethod.php(36): Facade\\Ignition\\IgnitionServiceProvider->boot()
#14 D:\\WebDev\\Projects\\clairveillance\\clairveillance-backend\\vendor\\laravel\\framework\\src\\Illuminate\\Container\\Util.php(40): Illuminate\\Container\\BoundMethod::Illuminate\\Container\\{closure}()
#15 D:\\WebDev\\Projects\\clairveillance\\clairveillance-backend\\vendor\\laravel\\framework\\src\\Illuminate\\Container\\BoundMethod.php(93): Illuminate\\Container\\Util::unwrapIfClosure()
#16 D:\\WebDev\\Projects\\clairveillance\\clairveillance-backend\\vendor\\laravel\\framework\\src\\Illuminate\\Container\\BoundMethod.php(37): Illuminate\\Container\\BoundMethod::callBoundMethod()
#17 D:\\WebDev\\Projects\\clairveillance\\clairveillance-backend\\vendor\\laravel\\framework\\src\\Illuminate\\Container\\Container.php(653): Illuminate\\Container\\BoundMethod::call()
#18 D:\\WebDev\\Projects\\clairveillance\\clairveillance-backend\\vendor\\laravel\\framework\\src\\Illuminate\\Foundation\\Application.php(927): Illuminate\\Container\\Container->call()
#19 D:\\WebDev\\Projects\\clairveillance\\clairveillance-backend\\vendor\\laravel\\framework\\src\\Illuminate\\Foundation\\Application.php(908): Illuminate\\Foundation\\Application->bootProvider()
#20 [internal function]: Illuminate\\Foundation\\Application->Illuminate\\Foundation\\{closure}()
#21 D:\\WebDev\\Projects\\clairveillance\\clairveillance-backend\\vendor\\laravel\\framework\\src\\Illuminate\\Foundation\\Application.php(909): array_walk()
#22 D:\\WebDev\\Projects\\clairveillance\\clairveillance-backend\\vendor\\laravel\\framework\\src\\Illuminate\\Foundation\\Bootstrap\\BootProviders.php(17): Illuminate\\Foundation\\Application->boot()
#23 D:\\WebDev\\Projects\\clairveillance\\clairveillance-backend\\vendor\\laravel\\framework\\src\\Illuminate\\Foundation\\Application.php(239): Illuminate\\Foundation\\Bootstrap\\BootProviders->bootstrap()
#24 D:\\WebDev\\Projects\\clairveillance\\clairveillance-backend\\vendor\\laravel\\framework\\src\\Illuminate\\Foundation\\Console\\Kernel.php(310): Illuminate\\Foundation\\Application->bootstrapWith()
#25 D:\\WebDev\\Projects\\clairveillance\\clairveillance-backend\\vendor\\laravel\\framework\\src\\Illuminate\\Foundation\\Console\\Kernel.php(127): Illuminate\\Foundation\\Console\\Kernel->bootstrap()
#26 D:\\WebDev\\Projects\\clairveillance\\clairveillance-backend\\artisan(37): Illuminate\\Foundation\\Console\\Kernel->handle()
#27 {main}
"} 
[2022-06-10 05:47:35] local.ERROR: Please provide a valid cache path. {"exception":"[object] (InvalidArgumentException(code: 0): Please provide a valid cache path. at D:\\WebDev\\Projects\\clairveillance\\clairveillance-backend\\vendor\\laravel\\framework\\src\\Illuminate\\View\\Compilers\\Compiler.php:36)
[stacktrace]
#0 D:\\WebDev\\Projects\\clairveillance\\clairveillance-backend\\vendor\\laravel\\framework\\src\\Illuminate\\View\\ViewServiceProvider.php(88): Illuminate\\View\\Compilers\\Compiler->__construct()
#1 D:\\WebDev\\Projects\\clairveillance\\clairveillance-backend\\vendor\\laravel\\framework\\src\\Illuminate\\Container\\Container.php(873): Illuminate\\View\\ViewServiceProvider->Illuminate\\View\\{closure}()
#2 D:\\WebDev\\Projects\\clairveillance\\clairveillance-backend\\vendor\\laravel\\framework\\src\\Illuminate\\Container\\Container.php(758): Illuminate\\Container\\Container->build()
#3 D:\\WebDev\\Projects\\clairveillance\\clairveillance-backend\\vendor\\laravel\\framework\\src\\Illuminate\\Foundation\\Application.php(854): Illuminate\\Container\\Container->resolve()
#4 D:\\WebDev\\Projects\\clairveillance\\clairveillance-backend\\vendor\\laravel\\framework\\src\\Illuminate\\Container\\Container.php(694): Illuminate\\Foundation\\Application->resolve()
#5 D:\\WebDev\\Projects\\clairveillance\\clairveillance-backend\\vendor\\laravel\\framework\\src\\Illuminate\\Foundation\\Application.php(839): Illuminate\\Container\\Container->make()
#6 D:\\WebDev\\Projects\\clairveillance\\clairveillance-backend\\vendor\\laravel\\framework\\src\\Illuminate\\Container\\Container.php(1419): Illuminate\\Foundation\\Application->make()
#7 D:\\WebDev\\Projects\\clairveillance\\clairveillance-backend\\vendor\\laravel\\framework\\src\\Illuminate\\View\\ViewServiceProvider.php(150): Illuminate\\Container\\Container->offsetGet()
#8 [internal function]: Illuminate\\View\\ViewServiceProvider->Illuminate\\View\\{closure}()
#9 D:\\WebDev\\Projects\\clairveillance\\clairveillance-backend\\vendor\\laravel\\framework\\src\\Illuminate\\View\\Engines\\EngineResolver.php(55): call_user_func()
#10 D:\\WebDev\\Projects\\clairveillance\\clairveillance-backend\\vendor\\facade\\ignition\\src\\IgnitionServiceProvider.php(467): Illuminate\\View\\Engines\\EngineResolver->resolve()
#11 D:\\WebDev\\Projects\\clairveillance\\clairveillance-backend\\vendor\\facade\\ignition\\src\\IgnitionServiceProvider.php(158): Facade\\Ignition\\IgnitionServiceProvider->hasCustomViewEnginesRegistered()
#12 D:\\WebDev\\Projects\\clairveillance\\clairveillance-backend\\vendor\\facade\\ignition\\src\\IgnitionServiceProvider.php(101): Facade\\Ignition\\IgnitionServiceProvider->registerViewEngines()
#13 D:\\WebDev\\Projects\\clairveillance\\clairveillance-backend\\vendor\\laravel\\framework\\src\\Illuminate\\Container\\BoundMethod.php(36): Facade\\Ignition\\IgnitionServiceProvider->boot()
#14 D:\\WebDev\\Projects\\clairveillance\\clairveillance-backend\\vendor\\laravel\\framework\\src\\Illuminate\\Container\\Util.php(40): Illuminate\\Container\\BoundMethod::Illuminate\\Container\\{closure}()
#15 D:\\WebDev\\Projects\\clairveillance\\clairveillance-backend\\vendor\\laravel\\framework\\src\\Illuminate\\Container\\BoundMethod.php(93): Illuminate\\Container\\Util::unwrapIfClosure()
#16 D:\\WebDev\\Projects\\clairveillance\\clairveillance-backend\\vendor\\laravel\\framework\\src\\Illuminate\\Container\\BoundMethod.php(37): Illuminate\\Container\\BoundMethod::callBoundMethod()
#17 D:\\WebDev\\Projects\\clairveillance\\clairveillance-backend\\vendor\\laravel\\framework\\src\\Illuminate\\Container\\Container.php(653): Illuminate\\Container\\BoundMethod::call()
#18 D:\\WebDev\\Projects\\clairveillance\\clairveillance-backend\\vendor\\laravel\\framework\\src\\Illuminate\\Foundation\\Application.php(927): Illuminate\\Container\\Container->call()
#19 D:\\WebDev\\Projects\\clairveillance\\clairveillance-backend\\vendor\\laravel\\framework\\src\\Illuminate\\Foundation\\Application.php(908): Illuminate\\Foundation\\Application->bootProvider()
#20 [internal function]: Illuminate\\Foundation\\Application->Illuminate\\Foundation\\{closure}()
#21 D:\\WebDev\\Projects\\clairveillance\\clairveillance-backend\\vendor\\laravel\\framework\\src\\Illuminate\\Foundation\\Application.php(909): array_walk()
#22 D:\\WebDev\\Projects\\clairveillance\\clairveillance-backend\\vendor\\laravel\\framework\\src\\Illuminate\\Foundation\\Bootstrap\\BootProviders.php(17): Illuminate\\Foundation\\Application->boot()
#23 D:\\WebDev\\Projects\\clairveillance\\clairveillance-backend\\vendor\\laravel\\framework\\src\\Illuminate\\Foundation\\Application.php(239): Illuminate\\Foundation\\Bootstrap\\BootProviders->bootstrap()
#24 D:\\WebDev\\Projects\\clairveillance\\clairveillance-backend\\vendor\\laravel\\framework\\src\\Illuminate\\Foundation\\Console\\Kernel.php(310): Illuminate\\Foundation\\Application->bootstrapWith()
#25 D:\\WebDev\\Projects\\clairveillance\\clairveillance-backend\\vendor\\laravel\\framework\\src\\Illuminate\\Foundation\\Console\\Kernel.php(127): Illuminate\\Foundation\\Console\\Kernel->bootstrap()
#26 D:\\WebDev\\Projects\\clairveillance\\clairveillance-backend\\artisan(37): Illuminate\\Foundation\\Console\\Kernel->handle()
#27 {main}
"} 
[2022-06-10 05:48:48] local.ERROR: Please provide a valid cache path. {"exception":"[object] (InvalidArgumentException(code: 0): Please provide a valid cache path. at D:\\WebDev\\Projects\\clairveillance\\clairveillance-backend\\vendor\\laravel\\framework\\src\\Illuminate\\View\\Compilers\\Compiler.php:36)
[stacktrace]
#0 D:\\WebDev\\Projects\\clairveillance\\clairveillance-backend\\vendor\\laravel\\framework\\src\\Illuminate\\View\\ViewServiceProvider.php(88): Illuminate\\View\\Compilers\\Compiler->__construct()
#1 D:\\WebDev\\Projects\\clairveillance\\clairveillance-backend\\vendor\\laravel\\framework\\src\\Illuminate\\Container\\Container.php(873): Illuminate\\View\\ViewServiceProvider->Illuminate\\View\\{closure}()
#2 D:\\WebDev\\Projects\\clairveillance\\clairveillance-backend\\vendor\\laravel\\framework\\src\\Illuminate\\Container\\Container.php(758): Illuminate\\Container\\Container->build()
#3 D:\\WebDev\\Projects\\clairveillance\\clairveillance-backend\\vendor\\laravel\\framework\\src\\Illuminate\\Foundation\\Application.php(854): Illuminate\\Container\\Container->resolve()
#4 D:\\WebDev\\Projects\\clairveillance\\clairveillance-backend\\vendor\\laravel\\framework\\src\\Illuminate\\Container\\Container.php(694): Illuminate\\Foundation\\Application->resolve()
#5 D:\\WebDev\\Projects\\clairveillance\\clairveillance-backend\\vendor\\laravel\\framework\\src\\Illuminate\\Foundation\\Application.php(839): Illuminate\\Container\\Container->make()
#6 D:\\WebDev\\Projects\\clairveillance\\clairveillance-backend\\vendor\\laravel\\framework\\src\\Illuminate\\Container\\Container.php(1419): Illuminate\\Foundation\\Application->make()
#7 D:\\WebDev\\Projects\\clairveillance\\clairveillance-backend\\vendor\\laravel\\framework\\src\\Illuminate\\View\\ViewServiceProvider.php(150): Illuminate\\Container\\Container->offsetGet()
#8 [internal function]: Illuminate\\View\\ViewServiceProvider->Illuminate\\View\\{closure}()
#9 D:\\WebDev\\Projects\\clairveillance\\clairveillance-backend\\vendor\\laravel\\framework\\src\\Illuminate\\View\\Engines\\EngineResolver.php(55): call_user_func()
#10 D:\\WebDev\\Projects\\clairveillance\\clairveillance-backend\\vendor\\facade\\ignition\\src\\IgnitionServiceProvider.php(467): Illuminate\\View\\Engines\\EngineResolver->resolve()
#11 D:\\WebDev\\Projects\\clairveillance\\clairveillance-backend\\vendor\\facade\\ignition\\src\\IgnitionServiceProvider.php(158): Facade\\Ignition\\IgnitionServiceProvider->hasCustomViewEnginesRegistered()
#12 D:\\WebDev\\Projects\\clairveillance\\clairveillance-backend\\vendor\\facade\\ignition\\src\\IgnitionServiceProvider.php(101): Facade\\Ignition\\IgnitionServiceProvider->registerViewEngines()
#13 D:\\WebDev\\Projects\\clairveillance\\clairveillance-backend\\vendor\\laravel\\framework\\src\\Illuminate\\Container\\BoundMethod.php(36): Facade\\Ignition\\IgnitionServiceProvider->boot()
#14 D:\\WebDev\\Projects\\clairveillance\\clairveillance-backend\\vendor\\laravel\\framework\\src\\Illuminate\\Container\\Util.php(40): Illuminate\\Container\\BoundMethod::Illuminate\\Container\\{closure}()
#15 D:\\WebDev\\Projects\\clairveillance\\clairveillance-backend\\vendor\\laravel\\framework\\src\\Illuminate\\Container\\BoundMethod.php(93): Illuminate\\Container\\Util::unwrapIfClosure()
#16 D:\\WebDev\\Projects\\clairveillance\\clairveillance-backend\\vendor\\laravel\\framework\\src\\Illuminate\\Container\\BoundMethod.php(37): Illuminate\\Container\\BoundMethod::callBoundMethod()
#17 D:\\WebDev\\Projects\\clairveillance\\clairveillance-backend\\vendor\\laravel\\framework\\src\\Illuminate\\Container\\Container.php(653): Illuminate\\Container\\BoundMethod::call()
#18 D:\\WebDev\\Projects\\clairveillance\\clairveillance-backend\\vendor\\laravel\\framework\\src\\Illuminate\\Foundation\\Application.php(927): Illuminate\\Container\\Container->call()
#19 D:\\WebDev\\Projects\\clairveillance\\clairveillance-backend\\vendor\\laravel\\framework\\src\\Illuminate\\Foundation\\Application.php(908): Illuminate\\Foundation\\Application->bootProvider()
#20 [internal function]: Illuminate\\Foundation\\Application->Illuminate\\Foundation\\{closure}()
#21 D:\\WebDev\\Projects\\clairveillance\\clairveillance-backend\\vendor\\laravel\\framework\\src\\Illuminate\\Foundation\\Application.php(909): array_walk()
#22 D:\\WebDev\\Projects\\clairveillance\\clairveillance-backend\\vendor\\laravel\\framework\\src\\Illuminate\\Foundation\\Bootstrap\\BootProviders.php(17): Illuminate\\Foundation\\Application->boot()
#23 D:\\WebDev\\Projects\\clairveillance\\clairveillance-backend\\vendor\\laravel\\framework\\src\\Illuminate\\Foundation\\Application.php(239): Illuminate\\Foundation\\Bootstrap\\BootProviders->bootstrap()
#24 D:\\WebDev\\Projects\\clairveillance\\clairveillance-backend\\vendor\\laravel\\framework\\src\\Illuminate\\Foundation\\Console\\Kernel.php(310): Illuminate\\Foundation\\Application->bootstrapWith()
#25 D:\\WebDev\\Projects\\clairveillance\\clairveillance-backend\\vendor\\laravel\\framework\\src\\Illuminate\\Foundation\\Console\\Kernel.php(127): Illuminate\\Foundation\\Console\\Kernel->bootstrap()
#26 D:\\WebDev\\Projects\\clairveillance\\clairveillance-backend\\artisan(37): Illuminate\\Foundation\\Console\\Kernel->handle()
#27 {main}
"} 
[2022-06-10 05:49:23] local.ERROR: Please provide a valid cache path. {"exception":"[object] (InvalidArgumentException(code: 0): Please provide a valid cache path. at D:\\WebDev\\Projects\\clairveillance\\clairveillance-backend\\vendor\\laravel\\framework\\src\\Illuminate\\View\\Compilers\\Compiler.php:36)
[stacktrace]
#0 D:\\WebDev\\Projects\\clairveillance\\clairveillance-backend\\vendor\\laravel\\framework\\src\\Illuminate\\View\\ViewServiceProvider.php(88): Illuminate\\View\\Compilers\\Compiler->__construct()
#1 D:\\WebDev\\Projects\\clairveillance\\clairveillance-backend\\vendor\\laravel\\framework\\src\\Illuminate\\Container\\Container.php(873): Illuminate\\View\\ViewServiceProvider->Illuminate\\View\\{closure}()
#2 D:\\WebDev\\Projects\\clairveillance\\clairveillance-backend\\vendor\\laravel\\framework\\src\\Illuminate\\Container\\Container.php(758): Illuminate\\Container\\Container->build()
#3 D:\\WebDev\\Projects\\clairveillance\\clairveillance-backend\\vendor\\laravel\\framework\\src\\Illuminate\\Foundation\\Application.php(854): Illuminate\\Container\\Container->resolve()
#4 D:\\WebDev\\Projects\\clairveillance\\clairveillance-backend\\vendor\\laravel\\framework\\src\\Illuminate\\Container\\Container.php(694): Illuminate\\Foundation\\Application->resolve()
#5 D:\\WebDev\\Projects\\clairveillance\\clairveillance-backend\\vendor\\laravel\\framework\\src\\Illuminate\\Foundation\\Application.php(839): Illuminate\\Container\\Container->make()
#6 D:\\WebDev\\Projects\\clairveillance\\clairveillance-backend\\vendor\\laravel\\framework\\src\\Illuminate\\Container\\Container.php(1419): Illuminate\\Foundation\\Application->make()
#7 D:\\WebDev\\Projects\\clairveillance\\clairveillance-backend\\vendor\\laravel\\framework\\src\\Illuminate\\View\\ViewServiceProvider.php(150): Illuminate\\Container\\Container->offsetGet()
#8 [internal function]: Illuminate\\View\\ViewServiceProvider->Illuminate\\View\\{closure}()
#9 D:\\WebDev\\Projects\\clairveillance\\clairveillance-backend\\vendor\\laravel\\framework\\src\\Illuminate\\View\\Engines\\EngineResolver.php(55): call_user_func()
#10 D:\\WebDev\\Projects\\clairveillance\\clairveillance-backend\\vendor\\facade\\ignition\\src\\IgnitionServiceProvider.php(467): Illuminate\\View\\Engines\\EngineResolver->resolve()
#11 D:\\WebDev\\Projects\\clairveillance\\clairveillance-backend\\vendor\\facade\\ignition\\src\\IgnitionServiceProvider.php(158): Facade\\Ignition\\IgnitionServiceProvider->hasCustomViewEnginesRegistered()
#12 D:\\WebDev\\Projects\\clairveillance\\clairveillance-backend\\vendor\\facade\\ignition\\src\\IgnitionServiceProvider.php(101): Facade\\Ignition\\IgnitionServiceProvider->registerViewEngines()
#13 D:\\WebDev\\Projects\\clairveillance\\clairveillance-backend\\vendor\\laravel\\framework\\src\\Illuminate\\Container\\BoundMethod.php(36): Facade\\Ignition\\IgnitionServiceProvider->boot()
#14 D:\\WebDev\\Projects\\clairveillance\\clairveillance-backend\\vendor\\laravel\\framework\\src\\Illuminate\\Container\\Util.php(40): Illuminate\\Container\\BoundMethod::Illuminate\\Container\\{closure}()
#15 D:\\WebDev\\Projects\\clairveillance\\clairveillance-backend\\vendor\\laravel\\framework\\src\\Illuminate\\Container\\BoundMethod.php(93): Illuminate\\Container\\Util::unwrapIfClosure()
#16 D:\\WebDev\\Projects\\clairveillance\\clairveillance-backend\\vendor\\laravel\\framework\\src\\Illuminate\\Container\\BoundMethod.php(37): Illuminate\\Container\\BoundMethod::callBoundMethod()
#17 D:\\WebDev\\Projects\\clairveillance\\clairveillance-backend\\vendor\\laravel\\framework\\src\\Illuminate\\Container\\Container.php(653): Illuminate\\Container\\BoundMethod::call()
#18 D:\\WebDev\\Projects\\clairveillance\\clairveillance-backend\\vendor\\laravel\\framework\\src\\Illuminate\\Foundation\\Application.php(927): Illuminate\\Container\\Container->call()
#19 D:\\WebDev\\Projects\\clairveillance\\clairveillance-backend\\vendor\\laravel\\framework\\src\\Illuminate\\Foundation\\Application.php(908): Illuminate\\Foundation\\Application->bootProvider()
#20 [internal function]: Illuminate\\Foundation\\Application->Illuminate\\Foundation\\{closure}()
#21 D:\\WebDev\\Projects\\clairveillance\\clairveillance-backend\\vendor\\laravel\\framework\\src\\Illuminate\\Foundation\\Application.php(909): array_walk()
#22 D:\\WebDev\\Projects\\clairveillance\\clairveillance-backend\\vendor\\laravel\\framework\\src\\Illuminate\\Foundation\\Bootstrap\\BootProviders.php(17): Illuminate\\Foundation\\Application->boot()
#23 D:\\WebDev\\Projects\\clairveillance\\clairveillance-backend\\vendor\\laravel\\framework\\src\\Illuminate\\Foundation\\Application.php(239): Illuminate\\Foundation\\Bootstrap\\BootProviders->bootstrap()
#24 D:\\WebDev\\Projects\\clairveillance\\clairveillance-backend\\vendor\\laravel\\framework\\src\\Illuminate\\Foundation\\Console\\Kernel.php(310): Illuminate\\Foundation\\Application->bootstrapWith()
#25 D:\\WebDev\\Projects\\clairveillance\\clairveillance-backend\\vendor\\laravel\\framework\\src\\Illuminate\\Foundation\\Console\\Kernel.php(127): Illuminate\\Foundation\\Console\\Kernel->bootstrap()
#26 D:\\WebDev\\Projects\\clairveillance\\clairveillance-backend\\artisan(37): Illuminate\\Foundation\\Console\\Kernel->handle()
#27 {main}
"} 
[2022-06-10 05:51:21] local.ERROR: Please provide a valid cache path. {"exception":"[object] (InvalidArgumentException(code: 0): Please provide a valid cache path. at D:\\WebDev\\Projects\\clairveillance\\clairveillance-backend\\vendor\\laravel\\framework\\src\\Illuminate\\View\\Compilers\\Compiler.php:36)
[stacktrace]
#0 D:\\WebDev\\Projects\\clairveillance\\clairveillance-backend\\vendor\\laravel\\framework\\src\\Illuminate\\View\\ViewServiceProvider.php(88): Illuminate\\View\\Compilers\\Compiler->__construct()
#1 D:\\WebDev\\Projects\\clairveillance\\clairveillance-backend\\vendor\\laravel\\framework\\src\\Illuminate\\Container\\Container.php(873): Illuminate\\View\\ViewServiceProvider->Illuminate\\View\\{closure}()
#2 D:\\WebDev\\Projects\\clairveillance\\clairveillance-backend\\vendor\\laravel\\framework\\src\\Illuminate\\Container\\Container.php(758): Illuminate\\Container\\Container->build()
#3 D:\\WebDev\\Projects\\clairveillance\\clairveillance-backend\\vendor\\laravel\\framework\\src\\Illuminate\\Foundation\\Application.php(854): Illuminate\\Container\\Container->resolve()
#4 D:\\WebDev\\Projects\\clairveillance\\clairveillance-backend\\vendor\\laravel\\framework\\src\\Illuminate\\Container\\Container.php(694): Illuminate\\Foundation\\Application->resolve()
#5 D:\\WebDev\\Projects\\clairveillance\\clairveillance-backend\\vendor\\laravel\\framework\\src\\Illuminate\\Foundation\\Application.php(839): Illuminate\\Container\\Container->make()
#6 D:\\WebDev\\Projects\\clairveillance\\clairveillance-backend\\vendor\\laravel\\framework\\src\\Illuminate\\Container\\Container.php(1419): Illuminate\\Foundation\\Application->make()
#7 D:\\WebDev\\Projects\\clairveillance\\clairveillance-backend\\vendor\\laravel\\framework\\src\\Illuminate\\View\\ViewServiceProvider.php(150): Illuminate\\Container\\Container->offsetGet()
#8 [internal function]: Illuminate\\View\\ViewServiceProvider->Illuminate\\View\\{closure}()
#9 D:\\WebDev\\Projects\\clairveillance\\clairveillance-backend\\vendor\\laravel\\framework\\src\\Illuminate\\View\\Engines\\EngineResolver.php(55): call_user_func()
#10 D:\\WebDev\\Projects\\clairveillance\\clairveillance-backend\\vendor\\facade\\ignition\\src\\IgnitionServiceProvider.php(467): Illuminate\\View\\Engines\\EngineResolver->resolve()
#11 D:\\WebDev\\Projects\\clairveillance\\clairveillance-backend\\vendor\\facade\\ignition\\src\\IgnitionServiceProvider.php(158): Facade\\Ignition\\IgnitionServiceProvider->hasCustomViewEnginesRegistered()
#12 D:\\WebDev\\Projects\\clairveillance\\clairveillance-backend\\vendor\\facade\\ignition\\src\\IgnitionServiceProvider.php(101): Facade\\Ignition\\IgnitionServiceProvider->registerViewEngines()
#13 D:\\WebDev\\Projects\\clairveillance\\clairveillance-backend\\vendor\\laravel\\framework\\src\\Illuminate\\Container\\BoundMethod.php(36): Facade\\Ignition\\IgnitionServiceProvider->boot()
#14 D:\\WebDev\\Projects\\clairveillance\\clairveillance-backend\\vendor\\laravel\\framework\\src\\Illuminate\\Container\\Util.php(40): Illuminate\\Container\\BoundMethod::Illuminate\\Container\\{closure}()
#15 D:\\WebDev\\Projects\\clairveillance\\clairveillance-backend\\vendor\\laravel\\framework\\src\\Illuminate\\Container\\BoundMethod.php(93): Illuminate\\Container\\Util::unwrapIfClosure()
#16 D:\\WebDev\\Projects\\clairveillance\\clairveillance-backend\\vendor\\laravel\\framework\\src\\Illuminate\\Container\\BoundMethod.php(37): Illuminate\\Container\\BoundMethod::callBoundMethod()
#17 D:\\WebDev\\Projects\\clairveillance\\clairveillance-backend\\vendor\\laravel\\framework\\src\\Illuminate\\Container\\Container.php(653): Illuminate\\Container\\BoundMethod::call()
#18 D:\\WebDev\\Projects\\clairveillance\\clairveillance-backend\\vendor\\laravel\\framework\\src\\Illuminate\\Foundation\\Application.php(927): Illuminate\\Container\\Container->call()
#19 D:\\WebDev\\Projects\\clairveillance\\clairveillance-backend\\vendor\\laravel\\framework\\src\\Illuminate\\Foundation\\Application.php(908): Illuminate\\Foundation\\Application->bootProvider()
#20 [internal function]: Illuminate\\Foundation\\Application->Illuminate\\Foundation\\{closure}()
#21 D:\\WebDev\\Projects\\clairveillance\\clairveillance-backend\\vendor\\laravel\\framework\\src\\Illuminate\\Foundation\\Application.php(909): array_walk()
#22 D:\\WebDev\\Projects\\clairveillance\\clairveillance-backend\\vendor\\laravel\\framework\\src\\Illuminate\\Foundation\\Bootstrap\\BootProviders.php(17): Illuminate\\Foundation\\Application->boot()
#23 D:\\WebDev\\Projects\\clairveillance\\clairveillance-backend\\vendor\\laravel\\framework\\src\\Illuminate\\Foundation\\Application.php(239): Illuminate\\Foundation\\Bootstrap\\BootProviders->bootstrap()
#24 D:\\WebDev\\Projects\\clairveillance\\clairveillance-backend\\vendor\\laravel\\framework\\src\\Illuminate\\Foundation\\Console\\Kernel.php(310): Illuminate\\Foundation\\Application->bootstrapWith()
#25 D:\\WebDev\\Projects\\clairveillance\\clairveillance-backend\\vendor\\laravel\\framework\\src\\Illuminate\\Foundation\\Console\\Kernel.php(127): Illuminate\\Foundation\\Console\\Kernel->bootstrap()
#26 D:\\WebDev\\Projects\\clairveillance\\clairveillance-backend\\artisan(37): Illuminate\\Foundation\\Console\\Kernel->handle()
#27 {main}
"} 
[2022-06-10 05:51:40] local.ERROR: Please provide a valid cache path. {"exception":"[object] (InvalidArgumentException(code: 0): Please provide a valid cache path. at D:\\WebDev\\Projects\\clairveillance\\clairveillance-backend\\vendor\\laravel\\framework\\src\\Illuminate\\View\\Compilers\\Compiler.php:36)
[stacktrace]
#0 D:\\WebDev\\Projects\\clairveillance\\clairveillance-backend\\vendor\\laravel\\framework\\src\\Illuminate\\View\\ViewServiceProvider.php(88): Illuminate\\View\\Compilers\\Compiler->__construct()
#1 D:\\WebDev\\Projects\\clairveillance\\clairveillance-backend\\vendor\\laravel\\framework\\src\\Illuminate\\Container\\Container.php(873): Illuminate\\View\\ViewServiceProvider->Illuminate\\View\\{closure}()
#2 D:\\WebDev\\Projects\\clairveillance\\clairveillance-backend\\vendor\\laravel\\framework\\src\\Illuminate\\Container\\Container.php(758): Illuminate\\Container\\Container->build()
#3 D:\\WebDev\\Projects\\clairveillance\\clairveillance-backend\\vendor\\laravel\\framework\\src\\Illuminate\\Foundation\\Application.php(854): Illuminate\\Container\\Container->resolve()
#4 D:\\WebDev\\Projects\\clairveillance\\clairveillance-backend\\vendor\\laravel\\framework\\src\\Illuminate\\Container\\Container.php(694): Illuminate\\Foundation\\Application->resolve()
#5 D:\\WebDev\\Projects\\clairveillance\\clairveillance-backend\\vendor\\laravel\\framework\\src\\Illuminate\\Foundation\\Application.php(839): Illuminate\\Container\\Container->make()
#6 D:\\WebDev\\Projects\\clairveillance\\clairveillance-backend\\vendor\\laravel\\framework\\src\\Illuminate\\Container\\Container.php(1419): Illuminate\\Foundation\\Application->make()
#7 D:\\WebDev\\Projects\\clairveillance\\clairveillance-backend\\vendor\\laravel\\framework\\src\\Illuminate\\View\\ViewServiceProvider.php(150): Illuminate\\Container\\Container->offsetGet()
#8 [internal function]: Illuminate\\View\\ViewServiceProvider->Illuminate\\View\\{closure}()
#9 D:\\WebDev\\Projects\\clairveillance\\clairveillance-backend\\vendor\\laravel\\framework\\src\\Illuminate\\View\\Engines\\EngineResolver.php(55): call_user_func()
#10 D:\\WebDev\\Projects\\clairveillance\\clairveillance-backend\\vendor\\facade\\ignition\\src\\IgnitionServiceProvider.php(467): Illuminate\\View\\Engines\\EngineResolver->resolve()
#11 D:\\WebDev\\Projects\\clairveillance\\clairveillance-backend\\vendor\\facade\\ignition\\src\\IgnitionServiceProvider.php(158): Facade\\Ignition\\IgnitionServiceProvider->hasCustomViewEnginesRegistered()
#12 D:\\WebDev\\Projects\\clairveillance\\clairveillance-backend\\vendor\\facade\\ignition\\src\\IgnitionServiceProvider.php(101): Facade\\Ignition\\IgnitionServiceProvider->registerViewEngines()
#13 D:\\WebDev\\Projects\\clairveillance\\clairveillance-backend\\vendor\\laravel\\framework\\src\\Illuminate\\Container\\BoundMethod.php(36): Facade\\Ignition\\IgnitionServiceProvider->boot()
#14 D:\\WebDev\\Projects\\clairveillance\\clairveillance-backend\\vendor\\laravel\\framework\\src\\Illuminate\\Container\\Util.php(40): Illuminate\\Container\\BoundMethod::Illuminate\\Container\\{closure}()
#15 D:\\WebDev\\Projects\\clairveillance\\clairveillance-backend\\vendor\\laravel\\framework\\src\\Illuminate\\Container\\BoundMethod.php(93): Illuminate\\Container\\Util::unwrapIfClosure()
#16 D:\\WebDev\\Projects\\clairveillance\\clairveillance-backend\\vendor\\laravel\\framework\\src\\Illuminate\\Container\\BoundMethod.php(37): Illuminate\\Container\\BoundMethod::callBoundMethod()
#17 D:\\WebDev\\Projects\\clairveillance\\clairveillance-backend\\vendor\\laravel\\framework\\src\\Illuminate\\Container\\Container.php(653): Illuminate\\Container\\BoundMethod::call()
#18 D:\\WebDev\\Projects\\clairveillance\\clairveillance-backend\\vendor\\laravel\\framework\\src\\Illuminate\\Foundation\\Application.php(927): Illuminate\\Container\\Container->call()
#19 D:\\WebDev\\Projects\\clairveillance\\clairveillance-backend\\vendor\\laravel\\framework\\src\\Illuminate\\Foundation\\Application.php(908): Illuminate\\Foundation\\Application->bootProvider()
#20 [internal function]: Illuminate\\Foundation\\Application->Illuminate\\Foundation\\{closure}()
#21 D:\\WebDev\\Projects\\clairveillance\\clairveillance-backend\\vendor\\laravel\\framework\\src\\Illuminate\\Foundation\\Application.php(909): array_walk()
#22 D:\\WebDev\\Projects\\clairveillance\\clairveillance-backend\\vendor\\laravel\\framework\\src\\Illuminate\\Foundation\\Bootstrap\\BootProviders.php(17): Illuminate\\Foundation\\Application->boot()
#23 D:\\WebDev\\Projects\\clairveillance\\clairveillance-backend\\vendor\\laravel\\framework\\src\\Illuminate\\Foundation\\Application.php(239): Illuminate\\Foundation\\Bootstrap\\BootProviders->bootstrap()
#24 D:\\WebDev\\Projects\\clairveillance\\clairveillance-backend\\vendor\\laravel\\framework\\src\\Illuminate\\Foundation\\Console\\Kernel.php(310): Illuminate\\Foundation\\Application->bootstrapWith()
#25 D:\\WebDev\\Projects\\clairveillance\\clairveillance-backend\\vendor\\laravel\\framework\\src\\Illuminate\\Foundation\\Console\\Kernel.php(127): Illuminate\\Foundation\\Console\\Kernel->bootstrap()
#26 D:\\WebDev\\Projects\\clairveillance\\clairveillance-backend\\artisan(37): Illuminate\\Foundation\\Console\\Kernel->handle()
#27 {main}
"} 
[2022-06-10 05:51:50] local.ERROR: Please provide a valid cache path. {"exception":"[object] (InvalidArgumentException(code: 0): Please provide a valid cache path. at D:\\WebDev\\Projects\\clairveillance\\clairveillance-backend\\vendor\\laravel\\framework\\src\\Illuminate\\View\\Compilers\\Compiler.php:36)
[stacktrace]
#0 D:\\WebDev\\Projects\\clairveillance\\clairveillance-backend\\vendor\\laravel\\framework\\src\\Illuminate\\View\\ViewServiceProvider.php(88): Illuminate\\View\\Compilers\\Compiler->__construct()
#1 D:\\WebDev\\Projects\\clairveillance\\clairveillance-backend\\vendor\\laravel\\framework\\src\\Illuminate\\Container\\Container.php(873): Illuminate\\View\\ViewServiceProvider->Illuminate\\View\\{closure}()
#2 D:\\WebDev\\Projects\\clairveillance\\clairveillance-backend\\vendor\\laravel\\framework\\src\\Illuminate\\Container\\Container.php(758): Illuminate\\Container\\Container->build()
#3 D:\\WebDev\\Projects\\clairveillance\\clairveillance-backend\\vendor\\laravel\\framework\\src\\Illuminate\\Foundation\\Application.php(854): Illuminate\\Container\\Container->resolve()
#4 D:\\WebDev\\Projects\\clairveillance\\clairveillance-backend\\vendor\\laravel\\framework\\src\\Illuminate\\Container\\Container.php(694): Illuminate\\Foundation\\Application->resolve()
#5 D:\\WebDev\\Projects\\clairveillance\\clairveillance-backend\\vendor\\laravel\\framework\\src\\Illuminate\\Foundation\\Application.php(839): Illuminate\\Container\\Container->make()
#6 D:\\WebDev\\Projects\\clairveillance\\clairveillance-backend\\vendor\\laravel\\framework\\src\\Illuminate\\Container\\Container.php(1419): Illuminate\\Foundation\\Application->make()
#7 D:\\WebDev\\Projects\\clairveillance\\clairveillance-backend\\vendor\\laravel\\framework\\src\\Illuminate\\View\\ViewServiceProvider.php(150): Illuminate\\Container\\Container->offsetGet()
#8 [internal function]: Illuminate\\View\\ViewServiceProvider->Illuminate\\View\\{closure}()
#9 D:\\WebDev\\Projects\\clairveillance\\clairveillance-backend\\vendor\\laravel\\framework\\src\\Illuminate\\View\\Engines\\EngineResolver.php(55): call_user_func()
#10 D:\\WebDev\\Projects\\clairveillance\\clairveillance-backend\\vendor\\facade\\ignition\\src\\IgnitionServiceProvider.php(467): Illuminate\\View\\Engines\\EngineResolver->resolve()
#11 D:\\WebDev\\Projects\\clairveillance\\clairveillance-backend\\vendor\\facade\\ignition\\src\\IgnitionServiceProvider.php(158): Facade\\Ignition\\IgnitionServiceProvider->hasCustomViewEnginesRegistered()
#12 D:\\WebDev\\Projects\\clairveillance\\clairveillance-backend\\vendor\\facade\\ignition\\src\\IgnitionServiceProvider.php(101): Facade\\Ignition\\IgnitionServiceProvider->registerViewEngines()
#13 D:\\WebDev\\Projects\\clairveillance\\clairveillance-backend\\vendor\\laravel\\framework\\src\\Illuminate\\Container\\BoundMethod.php(36): Facade\\Ignition\\IgnitionServiceProvider->boot()
#14 D:\\WebDev\\Projects\\clairveillance\\clairveillance-backend\\vendor\\laravel\\framework\\src\\Illuminate\\Container\\Util.php(40): Illuminate\\Container\\BoundMethod::Illuminate\\Container\\{closure}()
#15 D:\\WebDev\\Projects\\clairveillance\\clairveillance-backend\\vendor\\laravel\\framework\\src\\Illuminate\\Container\\BoundMethod.php(93): Illuminate\\Container\\Util::unwrapIfClosure()
#16 D:\\WebDev\\Projects\\clairveillance\\clairveillance-backend\\vendor\\laravel\\framework\\src\\Illuminate\\Container\\BoundMethod.php(37): Illuminate\\Container\\BoundMethod::callBoundMethod()
#17 D:\\WebDev\\Projects\\clairveillance\\clairveillance-backend\\vendor\\laravel\\framework\\src\\Illuminate\\Container\\Container.php(653): Illuminate\\Container\\BoundMethod::call()
#18 D:\\WebDev\\Projects\\clairveillance\\clairveillance-backend\\vendor\\laravel\\framework\\src\\Illuminate\\Foundation\\Application.php(927): Illuminate\\Container\\Container->call()
#19 D:\\WebDev\\Projects\\clairveillance\\clairveillance-backend\\vendor\\laravel\\framework\\src\\Illuminate\\Foundation\\Application.php(908): Illuminate\\Foundation\\Application->bootProvider()
#20 [internal function]: Illuminate\\Foundation\\Application->Illuminate\\Foundation\\{closure}()
#21 D:\\WebDev\\Projects\\clairveillance\\clairveillance-backend\\vendor\\laravel\\framework\\src\\Illuminate\\Foundation\\Application.php(909): array_walk()
#22 D:\\WebDev\\Projects\\clairveillance\\clairveillance-backend\\vendor\\laravel\\framework\\src\\Illuminate\\Foundation\\Bootstrap\\BootProviders.php(17): Illuminate\\Foundation\\Application->boot()
#23 D:\\WebDev\\Projects\\clairveillance\\clairveillance-backend\\vendor\\laravel\\framework\\src\\Illuminate\\Foundation\\Application.php(239): Illuminate\\Foundation\\Bootstrap\\BootProviders->bootstrap()
#24 D:\\WebDev\\Projects\\clairveillance\\clairveillance-backend\\vendor\\laravel\\framework\\src\\Illuminate\\Foundation\\Console\\Kernel.php(310): Illuminate\\Foundation\\Application->bootstrapWith()
#25 D:\\WebDev\\Projects\\clairveillance\\clairveillance-backend\\vendor\\laravel\\framework\\src\\Illuminate\\Foundation\\Console\\Kernel.php(127): Illuminate\\Foundation\\Console\\Kernel->bootstrap()
#26 D:\\WebDev\\Projects\\clairveillance\\clairveillance-backend\\artisan(37): Illuminate\\Foundation\\Console\\Kernel->handle()
#27 {main}
"} 
[2022-06-10 05:54:22] local.ERROR: Please provide a valid cache path. {"exception":"[object] (InvalidArgumentException(code: 0): Please provide a valid cache path. at D:\\WebDev\\Projects\\clairveillance\\clairveillance-backend\\vendor\\laravel\\framework\\src\\Illuminate\\View\\Compilers\\Compiler.php:36)
[stacktrace]
#0 D:\\WebDev\\Projects\\clairveillance\\clairveillance-backend\\vendor\\laravel\\framework\\src\\Illuminate\\View\\ViewServiceProvider.php(88): Illuminate\\View\\Compilers\\Compiler->__construct()
#1 D:\\WebDev\\Projects\\clairveillance\\clairveillance-backend\\vendor\\laravel\\framework\\src\\Illuminate\\Container\\Container.php(873): Illuminate\\View\\ViewServiceProvider->Illuminate\\View\\{closure}()
#2 D:\\WebDev\\Projects\\clairveillance\\clairveillance-backend\\vendor\\laravel\\framework\\src\\Illuminate\\Container\\Container.php(758): Illuminate\\Container\\Container->build()
#3 D:\\WebDev\\Projects\\clairveillance\\clairveillance-backend\\vendor\\laravel\\framework\\src\\Illuminate\\Foundation\\Application.php(854): Illuminate\\Container\\Container->resolve()
#4 D:\\WebDev\\Projects\\clairveillance\\clairveillance-backend\\vendor\\laravel\\framework\\src\\Illuminate\\Container\\Container.php(694): Illuminate\\Foundation\\Application->resolve()
#5 D:\\WebDev\\Projects\\clairveillance\\clairveillance-backend\\vendor\\laravel\\framework\\src\\Illuminate\\Foundation\\Application.php(839): Illuminate\\Container\\Container->make()
#6 D:\\WebDev\\Projects\\clairveillance\\clairveillance-backend\\vendor\\laravel\\framework\\src\\Illuminate\\Container\\Container.php(1419): Illuminate\\Foundation\\Application->make()
#7 D:\\WebDev\\Projects\\clairveillance\\clairveillance-backend\\vendor\\laravel\\framework\\src\\Illuminate\\View\\ViewServiceProvider.php(150): Illuminate\\Container\\Container->offsetGet()
#8 [internal function]: Illuminate\\View\\ViewServiceProvider->Illuminate\\View\\{closure}()
#9 D:\\WebDev\\Projects\\clairveillance\\clairveillance-backend\\vendor\\laravel\\framework\\src\\Illuminate\\View\\Engines\\EngineResolver.php(55): call_user_func()
#10 D:\\WebDev\\Projects\\clairveillance\\clairveillance-backend\\vendor\\facade\\ignition\\src\\IgnitionServiceProvider.php(467): Illuminate\\View\\Engines\\EngineResolver->resolve()
#11 D:\\WebDev\\Projects\\clairveillance\\clairveillance-backend\\vendor\\facade\\ignition\\src\\IgnitionServiceProvider.php(158): Facade\\Ignition\\IgnitionServiceProvider->hasCustomViewEnginesRegistered()
#12 D:\\WebDev\\Projects\\clairveillance\\clairveillance-backend\\vendor\\facade\\ignition\\src\\IgnitionServiceProvider.php(101): Facade\\Ignition\\IgnitionServiceProvider->registerViewEngines()
#13 D:\\WebDev\\Projects\\clairveillance\\clairveillance-backend\\vendor\\laravel\\framework\\src\\Illuminate\\Container\\BoundMethod.php(36): Facade\\Ignition\\IgnitionServiceProvider->boot()
#14 D:\\WebDev\\Projects\\clairveillance\\clairveillance-backend\\vendor\\laravel\\framework\\src\\Illuminate\\Container\\Util.php(40): Illuminate\\Container\\BoundMethod::Illuminate\\Container\\{closure}()
#15 D:\\WebDev\\Projects\\clairveillance\\clairveillance-backend\\vendor\\laravel\\framework\\src\\Illuminate\\Container\\BoundMethod.php(93): Illuminate\\Container\\Util::unwrapIfClosure()
#16 D:\\WebDev\\Projects\\clairveillance\\clairveillance-backend\\vendor\\laravel\\framework\\src\\Illuminate\\Container\\BoundMethod.php(37): Illuminate\\Container\\BoundMethod::callBoundMethod()
#17 D:\\WebDev\\Projects\\clairveillance\\clairveillance-backend\\vendor\\laravel\\framework\\src\\Illuminate\\Container\\Container.php(653): Illuminate\\Container\\BoundMethod::call()
#18 D:\\WebDev\\Projects\\clairveillance\\clairveillance-backend\\vendor\\laravel\\framework\\src\\Illuminate\\Foundation\\Application.php(927): Illuminate\\Container\\Container->call()
#19 D:\\WebDev\\Projects\\clairveillance\\clairveillance-backend\\vendor\\laravel\\framework\\src\\Illuminate\\Foundation\\Application.php(908): Illuminate\\Foundation\\Application->bootProvider()
#20 [internal function]: Illuminate\\Foundation\\Application->Illuminate\\Foundation\\{closure}()
#21 D:\\WebDev\\Projects\\clairveillance\\clairveillance-backend\\vendor\\laravel\\framework\\src\\Illuminate\\Foundation\\Application.php(909): array_walk()
#22 D:\\WebDev\\Projects\\clairveillance\\clairveillance-backend\\vendor\\laravel\\framework\\src\\Illuminate\\Foundation\\Bootstrap\\BootProviders.php(17): Illuminate\\Foundation\\Application->boot()
#23 D:\\WebDev\\Projects\\clairveillance\\clairveillance-backend\\vendor\\laravel\\framework\\src\\Illuminate\\Foundation\\Application.php(239): Illuminate\\Foundation\\Bootstrap\\BootProviders->bootstrap()
#24 D:\\WebDev\\Projects\\clairveillance\\clairveillance-backend\\vendor\\laravel\\framework\\src\\Illuminate\\Foundation\\Console\\Kernel.php(310): Illuminate\\Foundation\\Application->bootstrapWith()
#25 D:\\WebDev\\Projects\\clairveillance\\clairveillance-backend\\vendor\\laravel\\framework\\src\\Illuminate\\Foundation\\Console\\Kernel.php(127): Illuminate\\Foundation\\Console\\Kernel->bootstrap()
#26 D:\\WebDev\\Projects\\clairveillance\\clairveillance-backend\\artisan(37): Illuminate\\Foundation\\Console\\Kernel->handle()
#27 {main}
"} 
[2022-06-10 05:54:38] local.ERROR: Please provide a valid cache path. {"exception":"[object] (InvalidArgumentException(code: 0): Please provide a valid cache path. at D:\\WebDev\\Projects\\clairveillance\\clairveillance-backend\\vendor\\laravel\\framework\\src\\Illuminate\\View\\Compilers\\Compiler.php:36)
[stacktrace]
#0 D:\\WebDev\\Projects\\clairveillance\\clairveillance-backend\\vendor\\laravel\\framework\\src\\Illuminate\\View\\ViewServiceProvider.php(88): Illuminate\\View\\Compilers\\Compiler->__construct()
#1 D:\\WebDev\\Projects\\clairveillance\\clairveillance-backend\\vendor\\laravel\\framework\\src\\Illuminate\\Container\\Container.php(873): Illuminate\\View\\ViewServiceProvider->Illuminate\\View\\{closure}()
#2 D:\\WebDev\\Projects\\clairveillance\\clairveillance-backend\\vendor\\laravel\\framework\\src\\Illuminate\\Container\\Container.php(758): Illuminate\\Container\\Container->build()
#3 D:\\WebDev\\Projects\\clairveillance\\clairveillance-backend\\vendor\\laravel\\framework\\src\\Illuminate\\Foundation\\Application.php(854): Illuminate\\Container\\Container->resolve()
#4 D:\\WebDev\\Projects\\clairveillance\\clairveillance-backend\\vendor\\laravel\\framework\\src\\Illuminate\\Container\\Container.php(694): Illuminate\\Foundation\\Application->resolve()
#5 D:\\WebDev\\Projects\\clairveillance\\clairveillance-backend\\vendor\\laravel\\framework\\src\\Illuminate\\Foundation\\Application.php(839): Illuminate\\Container\\Container->make()
#6 D:\\WebDev\\Projects\\clairveillance\\clairveillance-backend\\vendor\\laravel\\framework\\src\\Illuminate\\Container\\Container.php(1419): Illuminate\\Foundation\\Application->make()
#7 D:\\WebDev\\Projects\\clairveillance\\clairveillance-backend\\vendor\\laravel\\framework\\src\\Illuminate\\View\\ViewServiceProvider.php(150): Illuminate\\Container\\Container->offsetGet()
#8 [internal function]: Illuminate\\View\\ViewServiceProvider->Illuminate\\View\\{closure}()
#9 D:\\WebDev\\Projects\\clairveillance\\clairveillance-backend\\vendor\\laravel\\framework\\src\\Illuminate\\View\\Engines\\EngineResolver.php(55): call_user_func()
#10 D:\\WebDev\\Projects\\clairveillance\\clairveillance-backend\\vendor\\facade\\ignition\\src\\IgnitionServiceProvider.php(467): Illuminate\\View\\Engines\\EngineResolver->resolve()
#11 D:\\WebDev\\Projects\\clairveillance\\clairveillance-backend\\vendor\\facade\\ignition\\src\\IgnitionServiceProvider.php(158): Facade\\Ignition\\IgnitionServiceProvider->hasCustomViewEnginesRegistered()
#12 D:\\WebDev\\Projects\\clairveillance\\clairveillance-backend\\vendor\\facade\\ignition\\src\\IgnitionServiceProvider.php(101): Facade\\Ignition\\IgnitionServiceProvider->registerViewEngines()
#13 D:\\WebDev\\Projects\\clairveillance\\clairveillance-backend\\vendor\\laravel\\framework\\src\\Illuminate\\Container\\BoundMethod.php(36): Facade\\Ignition\\IgnitionServiceProvider->boot()
#14 D:\\WebDev\\Projects\\clairveillance\\clairveillance-backend\\vendor\\laravel\\framework\\src\\Illuminate\\Container\\Util.php(40): Illuminate\\Container\\BoundMethod::Illuminate\\Container\\{closure}()
#15 D:\\WebDev\\Projects\\clairveillance\\clairveillance-backend\\vendor\\laravel\\framework\\src\\Illuminate\\Container\\BoundMethod.php(93): Illuminate\\Container\\Util::unwrapIfClosure()
#16 D:\\WebDev\\Projects\\clairveillance\\clairveillance-backend\\vendor\\laravel\\framework\\src\\Illuminate\\Container\\BoundMethod.php(37): Illuminate\\Container\\BoundMethod::callBoundMethod()
#17 D:\\WebDev\\Projects\\clairveillance\\clairveillance-backend\\vendor\\laravel\\framework\\src\\Illuminate\\Container\\Container.php(653): Illuminate\\Container\\BoundMethod::call()
#18 D:\\WebDev\\Projects\\clairveillance\\clairveillance-backend\\vendor\\laravel\\framework\\src\\Illuminate\\Foundation\\Application.php(927): Illuminate\\Container\\Container->call()
#19 D:\\WebDev\\Projects\\clairveillance\\clairveillance-backend\\vendor\\laravel\\framework\\src\\Illuminate\\Foundation\\Application.php(908): Illuminate\\Foundation\\Application->bootProvider()
#20 [internal function]: Illuminate\\Foundation\\Application->Illuminate\\Foundation\\{closure}()
#21 D:\\WebDev\\Projects\\clairveillance\\clairveillance-backend\\vendor\\laravel\\framework\\src\\Illuminate\\Foundation\\Application.php(909): array_walk()
#22 D:\\WebDev\\Projects\\clairveillance\\clairveillance-backend\\vendor\\laravel\\framework\\src\\Illuminate\\Foundation\\Bootstrap\\BootProviders.php(17): Illuminate\\Foundation\\Application->boot()
#23 D:\\WebDev\\Projects\\clairveillance\\clairveillance-backend\\vendor\\laravel\\framework\\src\\Illuminate\\Foundation\\Application.php(239): Illuminate\\Foundation\\Bootstrap\\BootProviders->bootstrap()
#24 D:\\WebDev\\Projects\\clairveillance\\clairveillance-backend\\vendor\\laravel\\framework\\src\\Illuminate\\Foundation\\Console\\Kernel.php(310): Illuminate\\Foundation\\Application->bootstrapWith()
#25 D:\\WebDev\\Projects\\clairveillance\\clairveillance-backend\\vendor\\laravel\\framework\\src\\Illuminate\\Foundation\\Console\\Kernel.php(127): Illuminate\\Foundation\\Console\\Kernel->bootstrap()
#26 D:\\WebDev\\Projects\\clairveillance\\clairveillance-backend\\artisan(37): Illuminate\\Foundation\\Console\\Kernel->handle()
#27 {main}
"} 
[2022-06-10 05:59:08] local.ERROR: Target class [files] does not exist. {"exception":"[object] (Illuminate\\Contracts\\Container\\BindingResolutionException(code: 0): Target class [files] does not exist. at D:\\WebDev\\Projects\\clairveillance\\clairveillance-backend\\vendor\\laravel\\framework\\src\\Illuminate\\Container\\Container.php:879)
[stacktrace]
#0 D:\\WebDev\\Projects\\clairveillance\\clairveillance-backend\\vendor\\laravel\\framework\\src\\Illuminate\\Container\\Container.php(758): Illuminate\\Container\\Container->build()
#1 D:\\WebDev\\Projects\\clairveillance\\clairveillance-backend\\vendor\\laravel\\framework\\src\\Illuminate\\Foundation\\Application.php(854): Illuminate\\Container\\Container->resolve()
#2 D:\\WebDev\\Projects\\clairveillance\\clairveillance-backend\\vendor\\laravel\\framework\\src\\Illuminate\\Container\\Container.php(694): Illuminate\\Foundation\\Application->resolve()
#3 D:\\WebDev\\Projects\\clairveillance\\clairveillance-backend\\vendor\\laravel\\framework\\src\\Illuminate\\Foundation\\Application.php(839): Illuminate\\Container\\Container->make()
#4 D:\\WebDev\\Projects\\clairveillance\\clairveillance-backend\\vendor\\laravel\\framework\\src\\Illuminate\\Container\\Container.php(1027): Illuminate\\Foundation\\Application->make()
#5 D:\\WebDev\\Projects\\clairveillance\\clairveillance-backend\\vendor\\laravel\\framework\\src\\Illuminate\\Container\\Container.php(947): Illuminate\\Container\\Container->resolveClass()
#6 D:\\WebDev\\Projects\\clairveillance\\clairveillance-backend\\vendor\\laravel\\framework\\src\\Illuminate\\Container\\Container.php(908): Illuminate\\Container\\Container->resolveDependencies()
#7 D:\\WebDev\\Projects\\clairveillance\\clairveillance-backend\\vendor\\laravel\\framework\\src\\Illuminate\\Container\\Container.php(758): Illuminate\\Container\\Container->build()
#8 D:\\WebDev\\Projects\\clairveillance\\clairveillance-backend\\vendor\\laravel\\framework\\src\\Illuminate\\Foundation\\Application.php(854): Illuminate\\Container\\Container->resolve()
#9 D:\\WebDev\\Projects\\clairveillance\\clairveillance-backend\\vendor\\laravel\\framework\\src\\Illuminate\\Container\\Container.php(694): Illuminate\\Foundation\\Application->resolve()
#10 D:\\WebDev\\Projects\\clairveillance\\clairveillance-backend\\vendor\\laravel\\framework\\src\\Illuminate\\Foundation\\Application.php(839): Illuminate\\Container\\Container->make()
#11 D:\\WebDev\\Projects\\clairveillance\\clairveillance-backend\\vendor\\laravel\\framework\\src\\Illuminate\\Foundation\\Bootstrap\\RegisterFacades.php(26): Illuminate\\Foundation\\Application->make()
#12 D:\\WebDev\\Projects\\clairveillance\\clairveillance-backend\\vendor\\laravel\\framework\\src\\Illuminate\\Foundation\\Application.php(239): Illuminate\\Foundation\\Bootstrap\\RegisterFacades->bootstrap()
#13 D:\\WebDev\\Projects\\clairveillance\\clairveillance-backend\\vendor\\laravel\\framework\\src\\Illuminate\\Foundation\\Console\\Kernel.php(310): Illuminate\\Foundation\\Application->bootstrapWith()
#14 D:\\WebDev\\Projects\\clairveillance\\clairveillance-backend\\vendor\\laravel\\framework\\src\\Illuminate\\Foundation\\Console\\Kernel.php(127): Illuminate\\Foundation\\Console\\Kernel->bootstrap()
#15 D:\\WebDev\\Projects\\clairveillance\\clairveillance-backend\\artisan(37): Illuminate\\Foundation\\Console\\Kernel->handle()
#16 {main}

[previous exception] [object] (ReflectionException(code: -1): Class \"files\" does not exist at D:\\WebDev\\Projects\\clairveillance\\clairveillance-backend\\vendor\\laravel\\framework\\src\\Illuminate\\Container\\Container.php:877)
[stacktrace]
#0 D:\\WebDev\\Projects\\clairveillance\\clairveillance-backend\\vendor\\laravel\\framework\\src\\Illuminate\\Container\\Container.php(877): ReflectionClass->__construct()
#1 D:\\WebDev\\Projects\\clairveillance\\clairveillance-backend\\vendor\\laravel\\framework\\src\\Illuminate\\Container\\Container.php(758): Illuminate\\Container\\Container->build()
#2 D:\\WebDev\\Projects\\clairveillance\\clairveillance-backend\\vendor\\laravel\\framework\\src\\Illuminate\\Foundation\\Application.php(854): Illuminate\\Container\\Container->resolve()
#3 D:\\WebDev\\Projects\\clairveillance\\clairveillance-backend\\vendor\\laravel\\framework\\src\\Illuminate\\Container\\Container.php(694): Illuminate\\Foundation\\Application->resolve()
#4 D:\\WebDev\\Projects\\clairveillance\\clairveillance-backend\\vendor\\laravel\\framework\\src\\Illuminate\\Foundation\\Application.php(839): Illuminate\\Container\\Container->make()
#5 D:\\WebDev\\Projects\\clairveillance\\clairveillance-backend\\vendor\\laravel\\framework\\src\\Illuminate\\Container\\Container.php(1027): Illuminate\\Foundation\\Application->make()
#6 D:\\WebDev\\Projects\\clairveillance\\clairveillance-backend\\vendor\\laravel\\framework\\src\\Illuminate\\Container\\Container.php(947): Illuminate\\Container\\Container->resolveClass()
#7 D:\\WebDev\\Projects\\clairveillance\\clairveillance-backend\\vendor\\laravel\\framework\\src\\Illuminate\\Container\\Container.php(908): Illuminate\\Container\\Container->resolveDependencies()
#8 D:\\WebDev\\Projects\\clairveillance\\clairveillance-backend\\vendor\\laravel\\framework\\src\\Illuminate\\Container\\Container.php(758): Illuminate\\Container\\Container->build()
#9 D:\\WebDev\\Projects\\clairveillance\\clairveillance-backend\\vendor\\laravel\\framework\\src\\Illuminate\\Foundation\\Application.php(854): Illuminate\\Container\\Container->resolve()
#10 D:\\WebDev\\Projects\\clairveillance\\clairveillance-backend\\vendor\\laravel\\framework\\src\\Illuminate\\Container\\Container.php(694): Illuminate\\Foundation\\Application->resolve()
#11 D:\\WebDev\\Projects\\clairveillance\\clairveillance-backend\\vendor\\laravel\\framework\\src\\Illuminate\\Foundation\\Application.php(839): Illuminate\\Container\\Container->make()
#12 D:\\WebDev\\Projects\\clairveillance\\clairveillance-backend\\vendor\\laravel\\framework\\src\\Illuminate\\Foundation\\Bootstrap\\RegisterFacades.php(26): Illuminate\\Foundation\\Application->make()
#13 D:\\WebDev\\Projects\\clairveillance\\clairveillance-backend\\vendor\\laravel\\framework\\src\\Illuminate\\Foundation\\Application.php(239): Illuminate\\Foundation\\Bootstrap\\RegisterFacades->bootstrap()
#14 D:\\WebDev\\Projects\\clairveillance\\clairveillance-backend\\vendor\\laravel\\framework\\src\\Illuminate\\Foundation\\Console\\Kernel.php(310): Illuminate\\Foundation\\Application->bootstrapWith()
#15 D:\\WebDev\\Projects\\clairveillance\\clairveillance-backend\\vendor\\laravel\\framework\\src\\Illuminate\\Foundation\\Console\\Kernel.php(127): Illuminate\\Foundation\\Console\\Kernel->bootstrap()
#16 D:\\WebDev\\Projects\\clairveillance\\clairveillance-backend\\artisan(37): Illuminate\\Foundation\\Console\\Kernel->handle()
#17 {main}
"} 
[2022-06-10 05:59:24] local.ERROR: Too few arguments to function Illuminate\Foundation\PackageManifest::__construct(), 2 passed in D:\WebDev\Projects\clairveillance\clairveillance-backend\vendor\laravel\framework\src\Illuminate\Foundation\Application.php on line 208 and exactly 3 expected {"exception":"[object] (ArgumentCountError(code: 0): Too few arguments to function Illuminate\\Foundation\\PackageManifest::__construct(), 2 passed in D:\\WebDev\\Projects\\clairveillance\\clairveillance-backend\\vendor\\laravel\\framework\\src\\Illuminate\\Foundation\\Application.php on line 208 and exactly 3 expected at D:\\WebDev\\Projects\\clairveillance\\clairveillance-backend\\vendor\\laravel\\framework\\src\\Illuminate\\Foundation\\PackageManifest.php:53)
[stacktrace]
#0 D:\\WebDev\\Projects\\clairveillance\\clairveillance-backend\\vendor\\laravel\\framework\\src\\Illuminate\\Foundation\\Application.php(208): Illuminate\\Foundation\\PackageManifest->__construct()
#1 D:\\WebDev\\Projects\\clairveillance\\clairveillance-backend\\vendor\\laravel\\framework\\src\\Illuminate\\Container\\Container.php(873): Illuminate\\Foundation\\Application->Illuminate\\Foundation\\{closure}()
#2 D:\\WebDev\\Projects\\clairveillance\\clairveillance-backend\\vendor\\laravel\\framework\\src\\Illuminate\\Container\\Container.php(758): Illuminate\\Container\\Container->build()
#3 D:\\WebDev\\Projects\\clairveillance\\clairveillance-backend\\vendor\\laravel\\framework\\src\\Illuminate\\Foundation\\Application.php(854): Illuminate\\Container\\Container->resolve()
#4 D:\\WebDev\\Projects\\clairveillance\\clairveillance-backend\\vendor\\laravel\\framework\\src\\Illuminate\\Container\\Container.php(694): Illuminate\\Foundation\\Application->resolve()
#5 D:\\WebDev\\Projects\\clairveillance\\clairveillance-backend\\vendor\\laravel\\framework\\src\\Illuminate\\Foundation\\Application.php(839): Illuminate\\Container\\Container->make()
#6 D:\\WebDev\\Projects\\clairveillance\\clairveillance-backend\\vendor\\laravel\\framework\\src\\Illuminate\\Foundation\\Bootstrap\\RegisterFacades.php(26): Illuminate\\Foundation\\Application->make()
#7 D:\\WebDev\\Projects\\clairveillance\\clairveillance-backend\\vendor\\laravel\\framework\\src\\Illuminate\\Foundation\\Application.php(239): Illuminate\\Foundation\\Bootstrap\\RegisterFacades->bootstrap()
#8 D:\\WebDev\\Projects\\clairveillance\\clairveillance-backend\\vendor\\laravel\\framework\\src\\Illuminate\\Foundation\\Console\\Kernel.php(310): Illuminate\\Foundation\\Application->bootstrapWith()
#9 D:\\WebDev\\Projects\\clairveillance\\clairveillance-backend\\vendor\\laravel\\framework\\src\\Illuminate\\Foundation\\Console\\Kernel.php(127): Illuminate\\Foundation\\Console\\Kernel->bootstrap()
#10 D:\\WebDev\\Projects\\clairveillance\\clairveillance-backend\\artisan(37): Illuminate\\Foundation\\Console\\Kernel->handle()
#11 {main}
"} 
[2022-06-10 05:59:42] local.ERROR: Target class [files] does not exist. {"exception":"[object] (Illuminate\\Contracts\\Container\\BindingResolutionException(code: 0): Target class [files] does not exist. at D:\\WebDev\\Projects\\clairveillance\\clairveillance-backend\\vendor\\laravel\\framework\\src\\Illuminate\\Container\\Container.php:879)
[stacktrace]
#0 D:\\WebDev\\Projects\\clairveillance\\clairveillance-backend\\vendor\\laravel\\framework\\src\\Illuminate\\Container\\Container.php(758): Illuminate\\Container\\Container->build()
#1 D:\\WebDev\\Projects\\clairveillance\\clairveillance-backend\\vendor\\laravel\\framework\\src\\Illuminate\\Foundation\\Application.php(857): Illuminate\\Container\\Container->resolve()
#2 D:\\WebDev\\Projects\\clairveillance\\clairveillance-backend\\vendor\\laravel\\framework\\src\\Illuminate\\Container\\Container.php(694): Illuminate\\Foundation\\Application->resolve()
#3 D:\\WebDev\\Projects\\clairveillance\\clairveillance-backend\\vendor\\laravel\\framework\\src\\Illuminate\\Foundation\\Application.php(842): Illuminate\\Container\\Container->make()
#4 D:\\WebDev\\Projects\\clairveillance\\clairveillance-backend\\vendor\\laravel\\framework\\src\\Illuminate\\Container\\Container.php(1027): Illuminate\\Foundation\\Application->make()
#5 D:\\WebDev\\Projects\\clairveillance\\clairveillance-backend\\vendor\\laravel\\framework\\src\\Illuminate\\Container\\Container.php(947): Illuminate\\Container\\Container->resolveClass()
#6 D:\\WebDev\\Projects\\clairveillance\\clairveillance-backend\\vendor\\laravel\\framework\\src\\Illuminate\\Container\\Container.php(908): Illuminate\\Container\\Container->resolveDependencies()
#7 D:\\WebDev\\Projects\\clairveillance\\clairveillance-backend\\vendor\\laravel\\framework\\src\\Illuminate\\Container\\Container.php(292): Illuminate\\Container\\Container->build()
#8 D:\\WebDev\\Projects\\clairveillance\\clairveillance-backend\\vendor\\laravel\\framework\\src\\Illuminate\\Container\\Container.php(873): Illuminate\\Container\\Container->Illuminate\\Container\\{closure}()
#9 D:\\WebDev\\Projects\\clairveillance\\clairveillance-backend\\vendor\\laravel\\framework\\src\\Illuminate\\Container\\Container.php(758): Illuminate\\Container\\Container->build()
#10 D:\\WebDev\\Projects\\clairveillance\\clairveillance-backend\\vendor\\laravel\\framework\\src\\Illuminate\\Foundation\\Application.php(857): Illuminate\\Container\\Container->resolve()
#11 D:\\WebDev\\Projects\\clairveillance\\clairveillance-backend\\vendor\\laravel\\framework\\src\\Illuminate\\Container\\Container.php(694): Illuminate\\Foundation\\Application->resolve()
#12 D:\\WebDev\\Projects\\clairveillance\\clairveillance-backend\\vendor\\laravel\\framework\\src\\Illuminate\\Foundation\\Application.php(842): Illuminate\\Container\\Container->make()
#13 D:\\WebDev\\Projects\\clairveillance\\clairveillance-backend\\vendor\\laravel\\framework\\src\\Illuminate\\Foundation\\Bootstrap\\RegisterFacades.php(26): Illuminate\\Foundation\\Application->make()
#14 D:\\WebDev\\Projects\\clairveillance\\clairveillance-backend\\vendor\\laravel\\framework\\src\\Illuminate\\Foundation\\Application.php(242): Illuminate\\Foundation\\Bootstrap\\RegisterFacades->bootstrap()
#15 D:\\WebDev\\Projects\\clairveillance\\clairveillance-backend\\vendor\\laravel\\framework\\src\\Illuminate\\Foundation\\Console\\Kernel.php(310): Illuminate\\Foundation\\Application->bootstrapWith()
#16 D:\\WebDev\\Projects\\clairveillance\\clairveillance-backend\\vendor\\laravel\\framework\\src\\Illuminate\\Foundation\\Console\\Kernel.php(127): Illuminate\\Foundation\\Console\\Kernel->bootstrap()
#17 D:\\WebDev\\Projects\\clairveillance\\clairveillance-backend\\artisan(37): Illuminate\\Foundation\\Console\\Kernel->handle()
#18 {main}

[previous exception] [object] (ReflectionException(code: -1): Class \"files\" does not exist at D:\\WebDev\\Projects\\clairveillance\\clairveillance-backend\\vendor\\laravel\\framework\\src\\Illuminate\\Container\\Container.php:877)
[stacktrace]
#0 D:\\WebDev\\Projects\\clairveillance\\clairveillance-backend\\vendor\\laravel\\framework\\src\\Illuminate\\Container\\Container.php(877): ReflectionClass->__construct()
#1 D:\\WebDev\\Projects\\clairveillance\\clairveillance-backend\\vendor\\laravel\\framework\\src\\Illuminate\\Container\\Container.php(758): Illuminate\\Container\\Container->build()
#2 D:\\WebDev\\Projects\\clairveillance\\clairveillance-backend\\vendor\\laravel\\framework\\src\\Illuminate\\Foundation\\Application.php(857): Illuminate\\Container\\Container->resolve()
#3 D:\\WebDev\\Projects\\clairveillance\\clairveillance-backend\\vendor\\laravel\\framework\\src\\Illuminate\\Container\\Container.php(694): Illuminate\\Foundation\\Application->resolve()
#4 D:\\WebDev\\Projects\\clairveillance\\clairveillance-backend\\vendor\\laravel\\framework\\src\\Illuminate\\Foundation\\Application.php(842): Illuminate\\Container\\Container->make()
#5 D:\\WebDev\\Projects\\clairveillance\\clairveillance-backend\\vendor\\laravel\\framework\\src\\Illuminate\\Container\\Container.php(1027): Illuminate\\Foundation\\Application->make()
#6 D:\\WebDev\\Projects\\clairveillance\\clairveillance-backend\\vendor\\laravel\\framework\\src\\Illuminate\\Container\\Container.php(947): Illuminate\\Container\\Container->resolveClass()
#7 D:\\WebDev\\Projects\\clairveillance\\clairveillance-backend\\vendor\\laravel\\framework\\src\\Illuminate\\Container\\Container.php(908): Illuminate\\Container\\Container->resolveDependencies()
#8 D:\\WebDev\\Projects\\clairveillance\\clairveillance-backend\\vendor\\laravel\\framework\\src\\Illuminate\\Container\\Container.php(292): Illuminate\\Container\\Container->build()
#9 D:\\WebDev\\Projects\\clairveillance\\clairveillance-backend\\vendor\\laravel\\framework\\src\\Illuminate\\Container\\Container.php(873): Illuminate\\Container\\Container->Illuminate\\Container\\{closure}()
#10 D:\\WebDev\\Projects\\clairveillance\\clairveillance-backend\\vendor\\laravel\\framework\\src\\Illuminate\\Container\\Container.php(758): Illuminate\\Container\\Container->build()
#11 D:\\WebDev\\Projects\\clairveillance\\clairveillance-backend\\vendor\\laravel\\framework\\src\\Illuminate\\Foundation\\Application.php(857): Illuminate\\Container\\Container->resolve()
#12 D:\\WebDev\\Projects\\clairveillance\\clairveillance-backend\\vendor\\laravel\\framework\\src\\Illuminate\\Container\\Container.php(694): Illuminate\\Foundation\\Application->resolve()
#13 D:\\WebDev\\Projects\\clairveillance\\clairveillance-backend\\vendor\\laravel\\framework\\src\\Illuminate\\Foundation\\Application.php(842): Illuminate\\Container\\Container->make()
#14 D:\\WebDev\\Projects\\clairveillance\\clairveillance-backend\\vendor\\laravel\\framework\\src\\Illuminate\\Foundation\\Bootstrap\\RegisterFacades.php(26): Illuminate\\Foundation\\Application->make()
#15 D:\\WebDev\\Projects\\clairveillance\\clairveillance-backend\\vendor\\laravel\\framework\\src\\Illuminate\\Foundation\\Application.php(242): Illuminate\\Foundation\\Bootstrap\\RegisterFacades->bootstrap()
#16 D:\\WebDev\\Projects\\clairveillance\\clairveillance-backend\\vendor\\laravel\\framework\\src\\Illuminate\\Foundation\\Console\\Kernel.php(310): Illuminate\\Foundation\\Application->bootstrapWith()
#17 D:\\WebDev\\Projects\\clairveillance\\clairveillance-backend\\vendor\\laravel\\framework\\src\\Illuminate\\Foundation\\Console\\Kernel.php(127): Illuminate\\Foundation\\Console\\Kernel->bootstrap()
#18 D:\\WebDev\\Projects\\clairveillance\\clairveillance-backend\\artisan(37): Illuminate\\Foundation\\Console\\Kernel->handle()
#19 {main}
"} 
